<?xml version='1.0' encoding='UTF-8'?>
<testsuite hostname="GC" name="FuzzionTest" tests="26" errors="0" failures="0" skipped="0" time="0.072" timestamp="2024-11-16T15:08:22">
          <properties>
      <property name="java.specification.version" value="22"/><property name="sun.cpu.isalist" value="amd64"/><property name="sun.jnu.encoding" value="Cp1252"/><property name="sun.arch.data.model" value="64"/><property name="java.vendor.url" value="https://java.oracle.com/"/><property name="sun.boot.library.path" value="C:\Program Files\Java\jdk-22\bin"/><property name="sun.java.command" value="xsbt.boot.Boot test"/><property name="jdk.debug" value="release"/><property name="java.specification.vendor" value="Oracle Corporation"/><property name="java.version.date" value="2024-07-16"/><property name="java.home" value="C:\Program Files\Java\jdk-22"/><property name="file.separator" value="\"/><property name="java.vm.compressedOopsMode" value="32-bit"/><property name="line.separator" value="
"/><property name="java.vm.specification.vendor" value="Oracle Corporation"/><property name="java.specification.name" value="Java Platform API Specification"/><property name="user.script" value=""/><property name="sun.management.compiler" value="HotSpot 64-Bit Tiered Compilers"/><property name="java.runtime.version" value="22.0.2+9-70"/><property name="user.name" value="gaura"/><property name="log4j.ignoreTCL" value="true"/><property name="file.encoding" value="UTF-8"/><property name="jnidispatch.path" value="C:\Users\gaura\AppData\Local\Temp\jna-98128458\jna5638801583917987340.dll"/><property name="jna.loaded" value="true"/><property name="java.io.tmpdir" value="C:\Users\gaura\AppData\Local\Temp\"/><property name="java.version" value="22.0.2"/><property name="java.vm.specification.name" value="Java Virtual Machine Specification"/><property name="sun.os.patch.level" value=""/><property name="native.encoding" value="Cp1252"/><property name="java.library.path" value="C:\Program Files\Java\jdk-22\bin;C:\WINDOWS\Sun\Java\bin;C:\WINDOWS\system32;C:\WINDOWS;C:\Program Files\Common Files\Oracle\Java\javapath;C:\WINDOWS\system32;C:\WINDOWS;C:\WINDOWS\System32\Wbem;C:\WINDOWS\System32\WindowsPowerShell\v1.0\;C:\WINDOWS\System32\OpenSSH\;C:\Program Files\NVIDIA Corporation\NVIDIA app\NvDLISR;C:\Program Files (x86)\NVIDIA Corporation\PhysX\Common;C:\Program Files\Git\cmd;C:\Users\gaura\AppData\Local\Programs\Python\Python310\python.exe;C:\Users\gaura\scoop\apps\sbt\current\bin;C:\Users\gaura\AppData\Local\Programs\Python\Python312\Scripts\;C:\Users\gaura\AppData\Local\Programs\Python\Python312\;C:\Users\gaura\scoop\shims;C:\Users\gaura\AppData\Local\Microsoft\WindowsApps;C:\Users\gaura\AppData\Local\Programs\Microsoft VS Code\bin;C:\Users\gaura\AppData\Local\Programs\Python\Python310\Scripts;C:\Users\gaura\AppData\Local\GitHubDesktop\bin;;."/><property name="stderr.encoding" value="cp437"/><property name="java.vendor" value="Oracle Corporation"/><property name="scala.ext.dirs" value="C:\Users\gaura\.sbt\1.0\java9-rt-ext-oracle_corporation_22_0_2"/><property name="sun.io.unicode.encoding" value="UnicodeLittle"/><property name="java.class.path" value="C:\Users\gaura\scoop\apps\sbt\current\bin\sbt-launch.jar"/><property name="java.vm.vendor" value="Oracle Corporation"/><property name="user.variant" value=""/><property name="jline.shutdownhook" value="false"/><property name="user.timezone" value="America/Chicago"/><property name="java.vm.specification.version" value="22"/><property name="os.name" value="Windows 11"/><property name="sun.java.launcher" value="SUN_STANDARD"/><property name="user.country" value="US"/><property name="sun.cpu.endian" value="little"/><property name="user.home" value="C:\Users\gaura"/><property name="user.language" value="en"/><property name="sbt.ipcsocket.tmpdir" value="C:\Users\gaura\AppData\Local\Temp\.sbta86d6737\ipcsocket"/><property name="swoval.tmpdir" value="C:\Users\gaura\AppData\Local\Temp\.sbta86d6737\swoval"/><property name="jline.esc.timeout" value="0"/><property name="stdout.encoding" value="cp437"/><property name="path.separator" value=";"/><property name="os.version" value="10.0"/><property name="jna.nosys" value="true"/><property name="java.runtime.name" value="Java(TM) SE Runtime Environment"/><property name="java.vm.name" value="Java HotSpot(TM) 64-Bit Server VM"/><property name="java.vendor.url.bug" value="https://bugreport.java.com/bugreport/"/><property name="user.dir" value="C:\Users\gaura\OneDrive\Documents\UIC\CS476\Fuzzion-by-Gaurav"/><property name="os.arch" value="amd64"/><property name="java.vm.info" value="mixed mode, sharing"/><property name="java.vm.version" value="22.0.2+9-70"/><property name="java.class.version" value="66.0"/>
    </properties>
          <testcase classname="FuzzionTest" name="should evaluate AND gate correctly with fuzzy logic inputs" time="0.026">
                      
                    </testcase><testcase classname="FuzzionTest" name="should evaluate OR gate correctly with fuzzy logic inputs" time="0.0">
                      
                    </testcase><testcase classname="FuzzionTest" name="should evaluate NOT gate correctly with fuzzy logic inputs" time="0.0">
                      
                    </testcase><testcase classname="FuzzionTest" name="should evaluate XOR gate correctly with fuzzy logic inputs" time="0.0">
                      
                    </testcase><testcase classname="FuzzionTest" name="should evaluate Add operation correctly with fuzzy logic inputs" time="0.0">
                      
                    </testcase><testcase classname="FuzzionTest" name="should evaluate Multiply operation correctly with fuzzy logic inputs" time="0.015">
                      
                    </testcase><testcase classname="FuzzionTest" name="should evaluate fuzzy logic gates correctly with boundary values 0.0 and 1.0" time="0.0">
                      
                    </testcase><testcase classname="FuzzionTest" name="should evaluate TestGate correctly" time="0.0">
                      
                    </testcase><testcase classname="FuzzionTest" name="should correctly bind variable and evaluate in scope" time="0.0">
                      
                    </testcase><testcase classname="FuzzionTest" name="should handle variable assignment and retrieval correctly" time="0.0">
                      
                    </testcase><testcase classname="FuzzionTest" name="should perform alpha-cut correctly" time="0.0">
                      
                    </testcase><testcase classname="FuzzionTest" name="should invoke the correct overridden method in derived class" time="0.016">
                      
                    </testcase><testcase classname="FuzzionTest" name="should use base class method when derived class does not override it" time="0.0">
                      
                    </testcase><testcase classname="FuzzionTest" name="should dynamically dispatch the correct method at runtime" time="0.0">
                      
                    </testcase><testcase classname="FuzzionTest" name="should instantiate classes and initialize class variables correctly" time="0.0">
                      
                    </testcase><testcase classname="FuzzionTest" name="should allow nested classes to access parent class variables and methods" time="0.0">
                      
                    </testcase><testcase classname="FuzzionTest" name="should correctly handle multiple levels of inheritance" time="0.0">
                      
                    </testcase><testcase classname="FuzzionTest" name="should evaluate IFTRUE correctly when condition is fully defined (true)" time="0.0">
                      
                    </testcase><testcase classname="FuzzionTest" name="should evaluate IFTRUE correctly when condition is fully defined (false)" time="0.0">
                      
                    </testcase><testcase classname="FuzzionTest" name="should partially evaluate IFTRUE when condition is partially defined" time="0.0">
                      
                    </testcase><testcase classname="FuzzionTest" name="should handle undefined variables within IFTRUE branches during partial evaluation" time="0.015">
                      
                    </testcase><testcase classname="FuzzionTest" name="should handle method invocations within IFTRUE with partial evaluation" time="0.0">
                      
                    </testcase><testcase classname="FuzzionTest" name="should evaluate method bodies with full and partial inputs" time="0.0">
                      
                    </testcase><testcase classname="FuzzionTest" name="should map variables to expressions during partial evaluation" time="0.0">
                      
                    </testcase><testcase classname="FuzzionTest" name="should handle partially evaluated method bodies in class hierarchy" time="0.0">
                      
                    </testcase><testcase classname="FuzzionTest" name="should correctly evaluate THENEXECUTE and ELSERUn constructs" time="0.0">
                      
                    </testcase>
          <system-out><![CDATA[]]></system-out>
          <system-err><![CDATA[]]></system-err>
        </testsuite>